
Showing logs for build [32mcb-kubecd-environment-pr-164-33-gsf7x-1[0m stage [32mfrom-build-pack[0m and container [32mstep-credential-initializer-m99dd[0m
{"level":"warn","ts":1582223491.629034,"logger":"fallback-logger","caller":"logging/config.go:69","msg":"Fetch GitHub commit ID from kodata failed: \"ref: refs/heads/0.8.0-**-support-backwards-incompats\" is not a valid GitHub commit ID"}
{"level":"info","ts":1582223491.6301003,"logger":"fallback-logger","caller":"creds-init/main.go:40","msg":"Credentials initialized."}

Showing logs for build [32mcb-kubecd-environment-pr-164-33-gsf7x-1[0m stage [32mfrom-build-pack[0m and container [32mstep-working-dir-initializer-zlncj[0m
{"level":"warn","ts":1582223493.184397,"logger":"fallback-logger","caller":"logging/config.go:69","msg":"Fetch GitHub commit ID from kodata failed: open /var/run/ko/HEAD: no such file or directory"}
{"level":"info","ts":1582223493.1925383,"logger":"fallback-logger","caller":"bash/main.go:64","msg":"Successfully executed command \"sh -c mkdir -p /workspace/source\"; output "}

Showing logs for build [32mcb-kubecd-environment-pr-164-33-gsf7x-1[0m stage [32mfrom-build-pack[0m and container [32mstep-place-tools[0m

Showing logs for build [32mcb-kubecd-environment-pr-164-33-gsf7x-1[0m stage [32mfrom-build-pack[0m and container [32mstep-git-source-cb-kubecd-environment-pr-164-33-gsf7x-kblsg[0m
{"level":"warn","ts":1582223499.25795,"logger":"fallback-logger","caller":"logging/config.go:69","msg":"Fetch GitHub commit ID from kodata failed: \"ref: refs/heads/0.8.0-**-support-backwards-incompats\" is not a valid GitHub commit ID"}
{"level":"info","ts":1582223500.3830466,"logger":"fallback-logger","caller":"git/git.go:103","msg":"Successfully cloned https://github.com/cb-kubecd/environment-pr-164-33-boot-gke-staging.git @ master in path /workspace/source"}

Showing logs for build [32mcb-kubecd-environment-pr-164-33-gsf7x-1[0m stage [32mfrom-build-pack[0m and container [32mstep-git-merge[0m
Using SHAs from PULL_REFS=master:63ca4d60157ddda3ba3b41540c6ae1dd1622c0ed,1:b7926d2fbca63e9211b3e891db609bcb15119243
DEBUG: LC_ALL=C JX_LOG_LEVEL=error git fetch origin --unshallow b7926d2fbca63e9211b3e891db609bcb15119243: 63ca4d60157ddda3ba3b41540c6ae1dd1622c0ed:
DEBUG: ran git fetch --unshallow origin b7926d2fbca63e9211b3e891db609bcb15119243: 63ca4d60157ddda3ba3b41540c6ae1dd1622c0ed: in 
DEBUG: LC_ALL=C JX_LOG_LEVEL=error git branch
DEBUG: LC_ALL=C JX_LOG_LEVEL=error git checkout master
DEBUG: ran git checkout master in 
DEBUG: LC_ALL=C JX_LOG_LEVEL=error git reset --hard 63ca4d60157ddda3ba3b41540c6ae1dd1622c0ed
DEBUG: ran git reset --hard 63ca4d60157ddda3ba3b41540c6ae1dd1622c0ed in 
DEBUG: LC_ALL=C JX_LOG_LEVEL=error git clean -fd .
DEBUG: ran clean --force -d . in 
DEBUG: LC_ALL=C JX_LOG_LEVEL=error git merge b7926d2fbca63e9211b3e891db609bcb15119243
DEBUG: ran git merge b7926d2fbca63e9211b3e891db609bcb15119243 in 
DEBUG: LC_ALL=C JX_LOG_LEVEL=error git log --format=%H%x1f%an%x1f%ae%x1f%cn%x1f%ce%x1f%s%n%b%x1e 63ca4d60157ddda3ba3b41540c6ae1dd1622c0ed..HEAD
Merged SHA b7926d2fbca63e9211b3e891db609bcb15119243 with commit message 'chore: Promote bdd-spring-1582223123 to version 0.0.1' into base branch master

Showing logs for build [32mcb-kubecd-environment-pr-164-33-gsf7x-1[0m stage [32mfrom-build-pack[0m and container [32mstep-build-helm-build[0m
WARNING: No $CHART_REPOSITORY defined so using the default value of: http://jenkins-x-chartmuseum:8080
Adding missing Helm repo: storage.googleapis.com https://storage.googleapis.com/chartmuseum.jenkins-x.io
WARNING: No secrets found on "helm/repos" due: reading the secret "helm/repos" from vault: no secret "helm/repos" not found in vault
Read credentials for https://storage.googleapis.com/chartmuseum.jenkins-x.io from vault helm/repos
Successfully added Helm repository storage.googleapis.com.
Adding missing Helm repo: jenkins-x-chartmuseum http://jenkins-x-chartmuseum:8080
WARNING: No secrets found on "helm/repos" due: reading the secret "helm/repos" from vault: no secret "helm/repos" not found in vault
Read credentials for http://jenkins-x-chartmuseum:8080 from vault helm/repos
Successfully added Helm repository jenkins-x-chartmuseum.
WARNING: No $CHART_REPOSITORY defined so using the default value of: http://jenkins-x-chartmuseum:8080
Adding missing Helm repo: chartmuseum.jenkins-x.io http://chartmuseum.jenkins-x.io
WARNING: No secrets found on "helm/repos" due: reading the secret "helm/repos" from vault: no secret "helm/repos" not found in vault
Read credentials for http://chartmuseum.jenkins-x.io from vault helm/repos
Successfully added Helm repository chartmuseum.jenkins-x.io.
