
Showing logs for build [32mcb-kubecd-environment-pr-164-33-p4nsl-1[0m stage [32mfrom-build-pack[0m and container [32mstep-credential-initializer-bmbqp[0m
{"level":"warn","ts":1582226624.4336498,"logger":"fallback-logger","caller":"logging/config.go:69","msg":"Fetch GitHub commit ID from kodata failed: \"ref: refs/heads/0.8.0-**-support-backwards-incompats\" is not a valid GitHub commit ID"}
{"level":"info","ts":1582226624.4345179,"logger":"fallback-logger","caller":"creds-init/main.go:40","msg":"Credentials initialized."}

Showing logs for build [32mcb-kubecd-environment-pr-164-33-p4nsl-1[0m stage [32mfrom-build-pack[0m and container [32mstep-working-dir-initializer-7cxc6[0m
{"level":"warn","ts":1582226625.9711468,"logger":"fallback-logger","caller":"logging/config.go:69","msg":"Fetch GitHub commit ID from kodata failed: open /var/run/ko/HEAD: no such file or directory"}
{"level":"info","ts":1582226625.998467,"logger":"fallback-logger","caller":"bash/main.go:64","msg":"Successfully executed command \"sh -c mkdir -p /workspace/source\"; output "}

Showing logs for build [32mcb-kubecd-environment-pr-164-33-p4nsl-1[0m stage [32mfrom-build-pack[0m and container [32mstep-place-tools[0m

Showing logs for build [32mcb-kubecd-environment-pr-164-33-p4nsl-1[0m stage [32mfrom-build-pack[0m and container [32mstep-git-source-cb-kubecd-environment-pr-164-33-p4nsl-6nmnm[0m
{"level":"warn","ts":1582226631.5124538,"logger":"fallback-logger","caller":"logging/config.go:69","msg":"Fetch GitHub commit ID from kodata failed: \"ref: refs/heads/0.8.0-**-support-backwards-incompats\" is not a valid GitHub commit ID"}
{"level":"info","ts":1582226632.5800657,"logger":"fallback-logger","caller":"git/git.go:103","msg":"Successfully cloned https://github.com/cb-kubecd/environment-pr-164-33-boot-gke-staging.git @ master in path /workspace/source"}

Showing logs for build [32mcb-kubecd-environment-pr-164-33-p4nsl-1[0m stage [32mfrom-build-pack[0m and container [32mstep-git-merge[0m
Using SHAs from PULL_REFS=master:69680f4b60936a7db4e8bc0e536da908a6b50b0a,5:c10c04a32b1e9b41c02fd951337e75104403af44
DEBUG: LC_ALL=C JX_LOG_LEVEL=error git fetch origin --unshallow c10c04a32b1e9b41c02fd951337e75104403af44: 69680f4b60936a7db4e8bc0e536da908a6b50b0a:
DEBUG: ran git fetch --unshallow origin c10c04a32b1e9b41c02fd951337e75104403af44: 69680f4b60936a7db4e8bc0e536da908a6b50b0a: in 
DEBUG: LC_ALL=C JX_LOG_LEVEL=error git branch
DEBUG: JX_LOG_LEVEL=error LC_ALL=C git checkout master
DEBUG: ran git checkout master in 
DEBUG: LC_ALL=C JX_LOG_LEVEL=error git reset --hard 69680f4b60936a7db4e8bc0e536da908a6b50b0a
DEBUG: ran git reset --hard 69680f4b60936a7db4e8bc0e536da908a6b50b0a in 
DEBUG: LC_ALL=C JX_LOG_LEVEL=error git clean -fd .
DEBUG: ran clean --force -d . in 
DEBUG: JX_LOG_LEVEL=error LC_ALL=C git merge c10c04a32b1e9b41c02fd951337e75104403af44
DEBUG: ran git merge c10c04a32b1e9b41c02fd951337e75104403af44 in 
DEBUG: LC_ALL=C JX_LOG_LEVEL=error git log --format=%H%x1f%an%x1f%ae%x1f%cn%x1f%ce%x1f%s%n%b%x1e 69680f4b60936a7db4e8bc0e536da908a6b50b0a..HEAD
Merged SHA c10c04a32b1e9b41c02fd951337e75104403af44 with commit message 'chore: Promote bdd-sbhg-import-1582226368 to version 0.0.1' into base branch master

Showing logs for build [32mcb-kubecd-environment-pr-164-33-p4nsl-1[0m stage [32mfrom-build-pack[0m and container [32mstep-build-helm-build[0m
WARNING: No $CHART_REPOSITORY defined so using the default value of: http://jenkins-x-chartmuseum:8080
Adding missing Helm repo: storage.googleapis.com https://storage.googleapis.com/chartmuseum.jenkins-x.io
WARNING: No secrets found on "helm/repos" due: reading the secret "helm/repos" from vault: no secret "helm/repos" not found in vault
Read credentials for https://storage.googleapis.com/chartmuseum.jenkins-x.io from vault helm/repos
Successfully added Helm repository storage.googleapis.com.
Adding missing Helm repo: jenkins-x-chartmuseum http://jenkins-x-chartmuseum:8080
WARNING: No secrets found on "helm/repos" due: reading the secret "helm/repos" from vault: no secret "helm/repos" not found in vault
Read credentials for http://jenkins-x-chartmuseum:8080 from vault helm/repos
Successfully added Helm repository jenkins-x-chartmuseum.
WARNING: No $CHART_REPOSITORY defined so using the default value of: http://jenkins-x-chartmuseum:8080
Adding missing Helm repo: chartmuseum.jenkins-x.io http://chartmuseum.jenkins-x.io
WARNING: No secrets found on "helm/repos" due: reading the secret "helm/repos" from vault: no secret "helm/repos" not found in vault
Read credentials for http://chartmuseum.jenkins-x.io from vault helm/repos
Successfully added Helm repository chartmuseum.jenkins-x.io.
