
Showing logs for build [32mcb-kubecd-environment-pr-164-33-dsbvx-1[0m stage [32mfrom-build-pack[0m and container [32mstep-credential-initializer-9fcd7[0m
{"level":"warn","ts":1582228314.174121,"logger":"fallback-logger","caller":"logging/config.go:69","msg":"Fetch GitHub commit ID from kodata failed: \"ref: refs/heads/0.8.0-**-support-backwards-incompats\" is not a valid GitHub commit ID"}
{"level":"info","ts":1582228314.174699,"logger":"fallback-logger","caller":"creds-init/main.go:40","msg":"Credentials initialized."}

Showing logs for build [32mcb-kubecd-environment-pr-164-33-dsbvx-1[0m stage [32mfrom-build-pack[0m and container [32mstep-working-dir-initializer-xw7hl[0m
{"level":"warn","ts":1582228315.1787164,"logger":"fallback-logger","caller":"logging/config.go:69","msg":"Fetch GitHub commit ID from kodata failed: open /var/run/ko/HEAD: no such file or directory"}
{"level":"info","ts":1582228315.1803577,"logger":"fallback-logger","caller":"bash/main.go:64","msg":"Successfully executed command \"sh -c mkdir -p /workspace/source\"; output "}

Showing logs for build [32mcb-kubecd-environment-pr-164-33-dsbvx-1[0m stage [32mfrom-build-pack[0m and container [32mstep-place-tools[0m

Showing logs for build [32mcb-kubecd-environment-pr-164-33-dsbvx-1[0m stage [32mfrom-build-pack[0m and container [32mstep-git-source-cb-kubecd-environment-pr-164-33-dsbvx-xs4g5[0m
{"level":"warn","ts":1582228321.6488814,"logger":"fallback-logger","caller":"logging/config.go:69","msg":"Fetch GitHub commit ID from kodata failed: \"ref: refs/heads/0.8.0-**-support-backwards-incompats\" is not a valid GitHub commit ID"}
{"level":"info","ts":1582228322.7513485,"logger":"fallback-logger","caller":"git/git.go:103","msg":"Successfully cloned https://github.com/cb-kubecd/environment-pr-164-33-boot-gke-staging.git @ master in path /workspace/source"}

Showing logs for build [32mcb-kubecd-environment-pr-164-33-dsbvx-1[0m stage [32mfrom-build-pack[0m and container [32mstep-git-merge[0m
Using SHAs from PULL_REFS=master:8f8a14f4411ddf5304a3546fd04396bdde42cfbe,8:eddf21649500e60e83a354f53ce656405f05f0f8
DEBUG: LC_ALL=C JX_LOG_LEVEL=error git fetch origin --unshallow eddf21649500e60e83a354f53ce656405f05f0f8: 8f8a14f4411ddf5304a3546fd04396bdde42cfbe:
DEBUG: ran git fetch --unshallow origin eddf21649500e60e83a354f53ce656405f05f0f8: 8f8a14f4411ddf5304a3546fd04396bdde42cfbe: in 
DEBUG: LC_ALL=C JX_LOG_LEVEL=error git branch
DEBUG: JX_LOG_LEVEL=error LC_ALL=C git checkout master
DEBUG: ran git checkout master in 
DEBUG: LC_ALL=C JX_LOG_LEVEL=error git reset --hard 8f8a14f4411ddf5304a3546fd04396bdde42cfbe
DEBUG: ran git reset --hard 8f8a14f4411ddf5304a3546fd04396bdde42cfbe in 
DEBUG: LC_ALL=C JX_LOG_LEVEL=error git clean -fd .
DEBUG: ran clean --force -d . in 
DEBUG: LC_ALL=C JX_LOG_LEVEL=error git merge eddf21649500e60e83a354f53ce656405f05f0f8
DEBUG: ran git merge eddf21649500e60e83a354f53ce656405f05f0f8 in 
DEBUG: LC_ALL=C JX_LOG_LEVEL=error git log --format=%H%x1f%an%x1f%ae%x1f%cn%x1f%ce%x1f%s%n%b%x1e 8f8a14f4411ddf5304a3546fd04396bdde42cfbe..HEAD
Merged SHA eddf21649500e60e83a354f53ce656405f05f0f8 with commit message 'chore: Promote bdd-sbrp-import-1582226368 to version 0.0.1' into base branch master

Showing logs for build [32mcb-kubecd-environment-pr-164-33-dsbvx-1[0m stage [32mfrom-build-pack[0m and container [32mstep-build-helm-build[0m
WARNING: No $CHART_REPOSITORY defined so using the default value of: http://jenkins-x-chartmuseum:8080
Adding missing Helm repo: storage.googleapis.com https://storage.googleapis.com/chartmuseum.jenkins-x.io
WARNING: No secrets found on "helm/repos" due: reading the secret "helm/repos" from vault: no secret "helm/repos" not found in vault
Read credentials for https://storage.googleapis.com/chartmuseum.jenkins-x.io from vault helm/repos
Successfully added Helm repository storage.googleapis.com.
Adding missing Helm repo: jenkins-x-chartmuseum http://jenkins-x-chartmuseum:8080
WARNING: No secrets found on "helm/repos" due: reading the secret "helm/repos" from vault: no secret "helm/repos" not found in vault
Read credentials for http://jenkins-x-chartmuseum:8080 from vault helm/repos
Successfully added Helm repository jenkins-x-chartmuseum.
WARNING: No $CHART_REPOSITORY defined so using the default value of: http://jenkins-x-chartmuseum:8080
Adding missing Helm repo: chartmuseum.jenkins-x.io http://chartmuseum.jenkins-x.io
WARNING: No secrets found on "helm/repos" due: reading the secret "helm/repos" from vault: no secret "helm/repos" not found in vault
Read credentials for http://chartmuseum.jenkins-x.io from vault helm/repos
Successfully added Helm repository chartmuseum.jenkins-x.io.
